#
# There is insufficient memory for the Java Runtime Environment to continue.
# Native memory allocation (mmap) failed to map 65536 bytes for Failed to commit metaspace.
# Possible reasons:
#   The system is out of physical RAM or swap space
#   The process is running with CompressedOops enabled, and the Java Heap may be blocking the growth of the native heap
# Possible solutions:
#   Reduce memory load on the system
#   Increase physical memory or swap space
#   Check if swap backing store is full
#   Decrease Java heap size (-Xmx/-Xms)
#   Decrease number of Java threads
#   Decrease Java thread stack sizes (-Xss)
#   Set larger code cache with -XX:ReservedCodeCacheSize=
#   JVM is running with Unscaled Compressed Oops mode in which the Java heap is
#     placed in the first 4GB address space. The Java Heap base address is the
#     maximum limit for the native heap growth. Please use -XX:HeapBaseMinAddress
#     to set the Java Heap base and to place the Java Heap above 4GB virtual address.
# This output file may be truncated or incomplete.
#
#  Out of Memory Error (virtualSpaceNode.cpp:110), pid=11956, tid=13944
#
# JRE version: OpenJDK Runtime Environment Corretto-17.0.9.8.1 (17.0.9+8) (build 17.0.9+8-LTS)
# Java VM: OpenJDK 64-Bit Server VM Corretto-17.0.9.8.1 (17.0.9+8-LTS, mixed mode, emulated-client, sharing, tiered, compressed oops, compressed class ptrs, g1 gc, windows-amd64)
# No core dump will be written. Minidumps are not enabled by default on client versions of Windows
#

---------------  S U M M A R Y ------------

Command Line: -XX:TieredStopAtLevel=1 -Dspring.output.ansi.enabled=always -Dcom.sun.management.jmxremote -Dspring.jmx.enabled=true -Dspring.liveBeansView.mbeanDomain -Dspring.application.admin.enabled=true -Dmanagement.endpoints.jmx.exposure.include=* -javaagent:C:\Program Files (x86)\JetBrains\IntelliJ IDEA 2025.1\lib\idea_rt.jar=56239 -Dfile.encoding=UTF-8 ec.edu.monster.RestJavaViajecitosCliwebApplication

Host: Intel(R) Core(TM) i5-1035G1 CPU @ 1.00GHz, 8 cores, 7G,  Windows 11 , 64 bit Build 22621 (10.0.22621.5415)
Time: Fri Jun 27 23:59:28 2025 Hora est. Pacífico, Sudamérica elapsed time: 2.478192 seconds (0d 0h 0m 2s)

---------------  T H R E A D  ---------------

Current thread (0x0000029873581200):  JavaThread "restartedMain" [_thread_in_vm, id=13944, stack(0x0000009a0e900000,0x0000009a0ea00000)]

Stack: [0x0000009a0e900000,0x0000009a0ea00000]
Native frames: (J=compiled Java code, j=interpreted, Vv=VM code, C=native code)
V  [jvm.dll+0x67cb49]
V  [jvm.dll+0x8344da]
V  [jvm.dll+0x835f9e]
V  [jvm.dll+0x836603]
V  [jvm.dll+0x247b5f]
V  [jvm.dll+0x83019b]
V  [jvm.dll+0x621376]
V  [jvm.dll+0x1c1ede]
V  [jvm.dll+0x623cd1]
V  [jvm.dll+0x621d16]
V  [jvm.dll+0x632c19]
V  [jvm.dll+0x62bed4]
V  [jvm.dll+0x3832d1]
C  0x000002982308c294

The last pc belongs to method entry point (kind = zerolocals) (printed below).
Java frames: (J=compiled Java code, j=interpreted, Vv=VM code)
j  org.springframework.boot.context.ConfigurationWarningsApplicationContextInitializer$ComponentScanPackageCheck.getWarning(Lorg/springframework/beans/factory/support/BeanDefinitionRegistry;)Ljava/lang/String;+0
j  org.springframework.boot.context.ConfigurationWarningsApplicationContextInitializer$ConfigurationWarningsPostProcessor.postProcessBeanDefinitionRegistry(Lorg/springframework/beans/factory/support/BeanDefinitionRegistry;)V+26
j  org.springframework.context.support.PostProcessorRegistrationDelegate.invokeBeanFactoryPostProcessors(Lorg/springframework/beans/factory/config/ConfigurableListableBeanFactory;Ljava/util/List;)V+86
j  org.springframework.context.support.AbstractApplicationContext.invokeBeanFactoryPostProcessors(Lorg/springframework/beans/factory/config/ConfigurableListableBeanFactory;)V+5
j  org.springframework.context.support.AbstractApplicationContext.refresh()V+62
j  org.springframework.boot.web.servlet.context.ServletWebServerApplicationContext.refresh()V+1
j  org.springframework.boot.SpringApplication.refresh(Lorg/springframework/context/ConfigurableApplicationContext;)V+1
j  org.springframework.boot.SpringApplication.refreshContext(Lorg/springframework/context/ConfigurableApplicationContext;)V+19
j  org.springframework.boot.SpringApplication.run([Ljava/lang/String;)Lorg/springframework/context/ConfigurableApplicationContext;+113
j  org.springframework.boot.SpringApplication.run([Ljava/lang/Class;[Ljava/lang/String;)Lorg/springframework/context/ConfigurableApplicationContext;+9
j  org.springframework.boot.SpringApplication.run(Ljava/lang/Class;[Ljava/lang/String;)Lorg/springframework/context/ConfigurableApplicationContext;+9
j  ec.edu.monster.RestJavaViajecitosCliwebApplication.main([Ljava/lang/String;)V+3
v  ~StubRoutines::call_stub
j  jdk.internal.reflect.NativeMethodAccessorImpl.invoke0(Ljava/lang/reflect/Method;Ljava/lang/Object;[Ljava/lang/Object;)Ljava/lang/Object;+0 java.base@17.0.9
j  jdk.internal.reflect.NativeMethodAccessorImpl.invoke(Ljava/lang/Object;[Ljava/lang/Object;)Ljava/lang/Object;+133 java.base@17.0.9
j  jdk.internal.reflect.DelegatingMethodAccessorImpl.invoke(Ljava/lang/Object;[Ljava/lang/Object;)Ljava/lang/Object;+6 java.base@17.0.9
j  java.lang.reflect.Method.invoke(Ljava/lang/Object;[Ljava/lang/Object;)Ljava/lang/Object;+59 java.base@17.0.9
j  org.springframework.boot.devtools.restart.RestartLauncher.run()V+47
v  ~StubRoutines::call_stub
method entry point (kind = zerolocals)  [0x000002982308c180, 0x000002982308c460]  736 bytes
[MachCode]
  0x000002982308c180: 488b 5308 | 0fb7 4a2c | 0fb7 522a | 2bd1 81fa | f501 0000 | 0f86 2500 | 0000 488b | c248 c1e0 
  0x000002982308c1a0: 0348 83c0 | 5849 0387 | c003 0000 | 483b e00f | 870a 0000 | 0058 498b | e550 e9c1 | c6ff ff58 
  0x000002982308c1c0: 4c8d 74cc | f885 d20f | 8e09 0000 | 0068 0000 | 0000 ffca | 7ff7 5055 | 488b ec41 | 5568 0000 
  0x000002982308c1e0: 0000 4c8b | 6b08 4d8d | 6d30 5348 | 8b53 0848 | 8b52 0848 | 8b52 1848 | 8b52 7048 | 8b12 5268 
  0x000002982308c200: 0000 0000 | 488b 5308 | 488b 5208 | 488b 5210 | 5241 5641 | 5568 0000 | 0000 4889 | 2424 41c6 
  0x000002982308c220: 8779 0300 | 0001 488b | 4318 4885 | c00f 85b2 | 0000 00e8 | 0500 0000 | e99b 0000 | 0048 8bd3 
  0x000002982308c240: 488d 4424 | 084c 896d | c049 8bcf | c5f8 7749 | 89af a802 | 0000 4989 | 8798 0200 | 0048 83ec 
  0x000002982308c260: 20f7 c40f | 0000 000f | 841a 0000 | 0048 83ec | 0849 bab0 | 3203 0fff | 7f00 0041 | ffd2 4883 
  0x000002982308c280: c408 e90d | 0000 0049 | bab0 3203 | 0fff 7f00 | 0041 ffd2 | 4883 c420 | 49c7 8798 | 0200 0000 
  0x000002982308c2a0: 0000 0049 | c787 a802 | 0000 0000 | 0000 49c7 | 87a0 0200 | 0000 0000 | 00c5 f877 | 4981 7f08 
  0x000002982308c2c0: 0000 0000 | 0f84 0500 | 0000 e931 | 4cff ff4c | 8b6d c04c | 8b75 c8c3 | 488b 4318 | 4885 c00f 
  0x000002982308c2e0: 8412 0000 | 008b 4808 | 83c1 0289 | 4808 2348 | 200f 84a2 | 0000 0089 | 8424 00f0 | ffff 8984 
  0x000002982308c300: 2400 e0ff | ff89 8424 | 00d0 ffff | 8984 2400 | c0ff ff89 | 8424 00b0 | ffff 8984 | 2400 a0ff 
  0x000002982308c320: ff89 8424 | 0090 ffff | 41c6 8779 | 0300 0000 | 49ba 6e35 | 830f ff7f | 0000 4180 | 3a00 0f84 
  0x000002982308c340: 4200 0000 | 488b 55e8 | 498b cf48 | 83ec 20f7 | c40f 0000 | 000f 841a | 0000 0048 | 83ec 0849 
  0x000002982308c360: ba40 2939 | 0fff 7f00 | 0041 ffd2 | 4883 c408 | e90d 0000 | 0049 ba40 | 2939 0fff | 7f00 0041 
  0x000002982308c380: ffd2 4883 | c420 410f | b65d 0049 | bad0 a285 | 0fff 7f00 | 0041 ff24 | daba 0000 | 0000 e805 
  0x000002982308c3a0: 0000 00e9 | 9800 0000 | 488d 4424 | 084c 896d | c049 8bcf | c5f8 7749 | 89af a802 | 0000 4989 
  0x000002982308c3c0: 8798 0200 | 0048 83ec | 20f7 c40f | 0000 000f | 841a 0000 | 0048 83ec | 0849 baa0 | 3d03 0fff 
  0x000002982308c3e0: 7f00 0041 | ffd2 4883 | c408 e90d | 0000 0049 | baa0 3d03 | 0fff 7f00 | 0041 ffd2 | 4883 c420 
  0x000002982308c400: 49c7 8798 | 0200 0000 | 0000 0049 | c787 a802 | 0000 0000 | 0000 49c7 | 87a0 0200 | 0000 0000 
  0x000002982308c420: 00c5 f877 | 4981 7f08 | 0000 0000 | 0f84 0500 | 0000 e9c9 | 4aff ff4c | 8b6d c04c | 8b75 c8c3 
  0x000002982308c440: 488b 5de8 | e9ae feff | ff0f 1f80 | 0000 0000 | 0000 0000 | 0000 0000 | 0000 0000 | 0000 0000 
[/MachCode]

---------------  P R O C E S S  ---------------

Threads class SMR info:
_java_thread_list=0x000002987391cbb0, length=23, elements={
0x000002981b586bd0, 0x000002982d5e7680, 0x000002982d5e7d60, 0x000002982d5f6b60,
0x000002982d5f7240, 0x000002982d5faee0, 0x000002982d5fd3d0, 0x000002982d6008c0,
0x000002982d6092f0, 0x000002982d5d2930, 0x000002982d8214d0, 0x000002982d821eb0,
0x000002982d8229f0, 0x000002982dac05b0, 0x000002982dac6cf0, 0x00000298730d3530,
0x00000298730da840, 0x00000298731176f0, 0x00000298730fa3a0, 0x0000029873558f20,
0x000002987357ee90, 0x0000029873581200, 0x000002987357e980
}

Java Threads: ( => current thread )
  0x000002981b586bd0 JavaThread "main" [_thread_blocked, id=2188, stack(0x0000009a0c500000,0x0000009a0c600000)]
  0x000002982d5e7680 JavaThread "Reference Handler" daemon [_thread_blocked, id=8736, stack(0x0000009a0cc00000,0x0000009a0cd00000)]
  0x000002982d5e7d60 JavaThread "Finalizer" daemon [_thread_blocked, id=8468, stack(0x0000009a0cd00000,0x0000009a0ce00000)]
  0x000002982d5f6b60 JavaThread "Signal Dispatcher" daemon [_thread_blocked, id=6940, stack(0x0000009a0ce00000,0x0000009a0cf00000)]
  0x000002982d5f7240 JavaThread "Attach Listener" daemon [_thread_blocked, id=7860, stack(0x0000009a0cf00000,0x0000009a0d000000)]
  0x000002982d5faee0 JavaThread "Service Thread" daemon [_thread_blocked, id=944, stack(0x0000009a0d000000,0x0000009a0d100000)]
  0x000002982d5fd3d0 JavaThread "Monitor Deflation Thread" daemon [_thread_blocked, id=1788, stack(0x0000009a0d100000,0x0000009a0d200000)]
  0x000002982d6008c0 JavaThread "C1 CompilerThread0" daemon [_thread_blocked, id=12848, stack(0x0000009a0d200000,0x0000009a0d300000)]
  0x000002982d6092f0 JavaThread "Sweeper thread" daemon [_thread_blocked, id=3000, stack(0x0000009a0d300000,0x0000009a0d400000)]
  0x000002982d5d2930 JavaThread "Common-Cleaner" daemon [_thread_blocked, id=8064, stack(0x0000009a0d400000,0x0000009a0d500000)]
  0x000002982d8214d0 JavaThread "C1 CompilerThread1" daemon [_thread_blocked, id=13820, stack(0x0000009a0d500000,0x0000009a0d600000)]
  0x000002982d821eb0 JavaThread "C1 CompilerThread2" daemon [_thread_blocked, id=9476, stack(0x0000009a0d600000,0x0000009a0d700000)]
  0x000002982d8229f0 JavaThread "C1 CompilerThread3" daemon [_thread_blocked, id=3080, stack(0x0000009a0d700000,0x0000009a0d800000)]
  0x000002982dac05b0 JavaThread "Monitor Ctrl-Break" daemon [_thread_in_native, id=11216, stack(0x0000009a0d800000,0x0000009a0d900000)]
  0x000002982dac6cf0 JavaThread "Notification Thread" daemon [_thread_blocked, id=14800, stack(0x0000009a0d900000,0x0000009a0da00000)]
  0x00000298730d3530 JavaThread "RMI TCP Accept-0" daemon [_thread_in_native, id=15896, stack(0x0000009a0da00000,0x0000009a0db00000)]
  0x00000298730da840 JavaThread "RMI TCP Connection(1)-192.168.1.4" daemon [_thread_in_native, id=11388, stack(0x0000009a0dc00000,0x0000009a0dd00000)]
  0x00000298731176f0 JavaThread "RMI Scheduler(0)" daemon [_thread_blocked, id=11592, stack(0x0000009a0dd00000,0x0000009a0de00000)]
  0x00000298730fa3a0 JavaThread "JMX server connection timeout 20" daemon [_thread_blocked, id=14668, stack(0x0000009a0de00000,0x0000009a0df00000)]
  0x0000029873558f20 JavaThread "RMI TCP Connection(2)-192.168.1.4" daemon [_thread_in_native, id=12160, stack(0x0000009a0df00000,0x0000009a0e000000)]
  0x000002987357ee90 JavaThread "Thread-0" [_thread_blocked, id=7504, stack(0x0000009a0e800000,0x0000009a0e900000)]
=>0x0000029873581200 JavaThread "restartedMain" [_thread_in_vm, id=13944, stack(0x0000009a0e900000,0x0000009a0ea00000)]
  0x000002987357e980 JavaThread "background-preinit" [_thread_in_vm, id=3836, stack(0x0000009a0ea00000,0x0000009a0eb00000)]

Other Threads:
  0x000002982d5e3520 VMThread "VM Thread" [stack: 0x0000009a0cb00000,0x0000009a0cc00000] [id=5244]
  0x000002981b587960 WatcherThread [stack: 0x0000009a0db00000,0x0000009a0dc00000] [id=2928]
  0x000002981b5e1be0 GCTaskThread "GC Thread#0" [stack: 0x0000009a0c600000,0x0000009a0c700000] [id=13220]
  0x0000029873505b20 GCTaskThread "GC Thread#1" [stack: 0x0000009a0e000000,0x0000009a0e100000] [id=4684]
  0x0000029873568900 GCTaskThread "GC Thread#2" [stack: 0x0000009a0e100000,0x0000009a0e200000] [id=3444]
  0x0000029873574c20 GCTaskThread "GC Thread#3" [stack: 0x0000009a0e200000,0x0000009a0e300000] [id=10676]
  0x0000029873574ee0 GCTaskThread "GC Thread#4" [stack: 0x0000009a0e300000,0x0000009a0e400000] [id=11460]
  0x00000298735751a0 GCTaskThread "GC Thread#5" [stack: 0x0000009a0e400000,0x0000009a0e500000] [id=13200]
  0x0000029873575460 GCTaskThread "GC Thread#6" [stack: 0x0000009a0e500000,0x0000009a0e600000] [id=11864]
  0x0000029873575f30 GCTaskThread "GC Thread#7" [stack: 0x0000009a0e600000,0x0000009a0e700000] [id=10452]
  0x000002981b5f2380 ConcurrentGCThread "G1 Main Marker" [stack: 0x0000009a0c700000,0x0000009a0c800000] [id=12932]
  0x000002981b5f2cb0 ConcurrentGCThread "G1 Conc#0" [stack: 0x0000009a0c800000,0x0000009a0c900000] [id=10344]
  0x000002981b62ec30 ConcurrentGCThread "G1 Refine#0" [stack: 0x0000009a0c900000,0x0000009a0ca00000] [id=15184]
  0x00000298735624d0 ConcurrentGCThread "G1 Refine#1" [stack: 0x0000009a0e700000,0x0000009a0e800000] [id=10248]
  0x000002982d49c770 ConcurrentGCThread "G1 Service" [stack: 0x0000009a0ca00000,0x0000009a0cb00000] [id=14972]

Threads with active compile tasks:

VM state: not at safepoint (normal execution)

VM Mutex/Monitor currently owned by a thread:  ([mutex/lock_event])
[0x000002981b5838a0] Metaspace_lock - owner thread: 0x0000029873581200

Heap address: 0x0000000083600000, size: 1994 MB, Compressed Oops mode: 32-bit

CDS archive(s) mapped at: [0x000002982e000000-0x000002982eba0000-0x000002982eba0000), size 12189696, SharedBaseAddress: 0x000002982e000000, ArchiveRelocationMode: 1.
Compressed class space mapped at: 0x000002982f000000-0x000002986f000000, reserved size: 1073741824
Narrow klass base: 0x000002982e000000, Narrow klass shift: 0, Narrow klass range: 0x100000000

GC Precious Log:
 CPUs: 8 total, 8 available
 Memory: 7969M
 Large Page Support: Disabled
 NUMA Support: Disabled
 Compressed Oops: Enabled (32-bit)
 Heap Region Size: 1M
 Heap Min Capacity: 8M
 Heap Initial Capacity: 126M
 Heap Max Capacity: 1994M
 Pre-touch: Disabled
 Parallel Workers: 8
 Concurrent Workers: 2
 Concurrent Refinement Workers: 8
 Periodic GC: Disabled

Heap:
 garbage-first heap   total 129024K, used 25980K [0x0000000083600000, 0x0000000100000000)
  region size 1024K, 21 young (21504K), 2 survivors (2048K)
 Metaspace       used 16158K, committed 16512K, reserved 1114112K
  class space    used 2187K, committed 2368K, reserved 1048576K

Heap Regions: E=young(eden), S=young(survivor), O=old, HS=humongous(starts), HC=humongous(continues), CS=collection set, F=free, OA=open archive, CA=closed archive, TAMS=top-at-mark-start (previous, next)
|   0|0x0000000083600000, 0x0000000083700000, 0x0000000083700000|100%| O|  |TAMS 0x0000000083600000, 0x0000000083600000| Untracked 
|   1|0x0000000083700000, 0x0000000083800000, 0x0000000083800000|100%| O|  |TAMS 0x0000000083700000, 0x0000000083700000| Untracked 
|   2|0x0000000083800000, 0x0000000083900000, 0x0000000083900000|100%| O|  |TAMS 0x0000000083800000, 0x0000000083800000| Untracked 
|   3|0x0000000083900000, 0x0000000083a00000, 0x0000000083a00000|100%| O|  |TAMS 0x0000000083900000, 0x0000000083900000| Untracked 
|   4|0x0000000083a00000, 0x0000000083b00000, 0x0000000083b00000|100%| O|  |TAMS 0x0000000083a00000, 0x0000000083a00000| Untracked 
|   5|0x0000000083b00000, 0x0000000083b5f200, 0x0000000083c00000| 37%| O|  |TAMS 0x0000000083b00000, 0x0000000083b00000| Untracked 
|   6|0x0000000083c00000, 0x0000000083c00000, 0x0000000083d00000|  0%| F|  |TAMS 0x0000000083c00000, 0x0000000083c00000| Untracked 
|   7|0x0000000083d00000, 0x0000000083d00000, 0x0000000083e00000|  0%| F|  |TAMS 0x0000000083d00000, 0x0000000083d00000| Untracked 
|   8|0x0000000083e00000, 0x0000000083e00000, 0x0000000083f00000|  0%| F|  |TAMS 0x0000000083e00000, 0x0000000083e00000| Untracked 
|   9|0x0000000083f00000, 0x0000000083f00000, 0x0000000084000000|  0%| F|  |TAMS 0x0000000083f00000, 0x0000000083f00000| Untracked 
|  10|0x0000000084000000, 0x0000000084000000, 0x0000000084100000|  0%| F|  |TAMS 0x0000000084000000, 0x0000000084000000| Untracked 
|  11|0x0000000084100000, 0x0000000084100000, 0x0000000084200000|  0%| F|  |TAMS 0x0000000084100000, 0x0000000084100000| Untracked 
|  12|0x0000000084200000, 0x0000000084200000, 0x0000000084300000|  0%| F|  |TAMS 0x0000000084200000, 0x0000000084200000| Untracked 
|  13|0x0000000084300000, 0x0000000084300000, 0x0000000084400000|  0%| F|  |TAMS 0x0000000084300000, 0x0000000084300000| Untracked 
|  14|0x0000000084400000, 0x0000000084400000, 0x0000000084500000|  0%| F|  |TAMS 0x0000000084400000, 0x0000000084400000| Untracked 
|  15|0x0000000084500000, 0x0000000084500000, 0x0000000084600000|  0%| F|  |TAMS 0x0000000084500000, 0x0000000084500000| Untracked 
|  16|0x0000000084600000, 0x0000000084600000, 0x0000000084700000|  0%| F|  |TAMS 0x0000000084600000, 0x0000000084600000| Untracked 
|  17|0x0000000084700000, 0x0000000084700000, 0x0000000084800000|  0%| F|  |TAMS 0x0000000084700000, 0x0000000084700000| Untracked 
|  18|0x0000000084800000, 0x0000000084800000, 0x0000000084900000|  0%| F|  |TAMS 0x0000000084800000, 0x0000000084800000| Untracked 
|  19|0x0000000084900000, 0x0000000084900000, 0x0000000084a00000|  0%| F|  |TAMS 0x0000000084900000, 0x0000000084900000| Untracked 
|  20|0x0000000084a00000, 0x0000000084a00000, 0x0000000084b00000|  0%| F|  |TAMS 0x0000000084a00000, 0x0000000084a00000| Untracked 
|  21|0x0000000084b00000, 0x0000000084b00000, 0x0000000084c00000|  0%| F|  |TAMS 0x0000000084b00000, 0x0000000084b00000| Untracked 
|  22|0x0000000084c00000, 0x0000000084c00000, 0x0000000084d00000|  0%| F|  |TAMS 0x0000000084c00000, 0x0000000084c00000| Untracked 
|  23|0x0000000084d00000, 0x0000000084d00000, 0x0000000084e00000|  0%| F|  |TAMS 0x0000000084d00000, 0x0000000084d00000| Untracked 
|  24|0x0000000084e00000, 0x0000000084e00000, 0x0000000084f00000|  0%| F|  |TAMS 0x0000000084e00000, 0x0000000084e00000| Untracked 
|  25|0x0000000084f00000, 0x0000000084f00000, 0x0000000085000000|  0%| F|  |TAMS 0x0000000084f00000, 0x0000000084f00000| Untracked 
|  26|0x0000000085000000, 0x0000000085000000, 0x0000000085100000|  0%| F|  |TAMS 0x0000000085000000, 0x0000000085000000| Untracked 
|  27|0x0000000085100000, 0x0000000085100000, 0x0000000085200000|  0%| F|  |TAMS 0x0000000085100000, 0x0000000085100000| Untracked 
|  28|0x0000000085200000, 0x0000000085200000, 0x0000000085300000|  0%| F|  |TAMS 0x0000000085200000, 0x0000000085200000| Untracked 
|  29|0x0000000085300000, 0x0000000085300000, 0x0000000085400000|  0%| F|  |TAMS 0x0000000085300000, 0x0000000085300000| Untracked 
|  30|0x0000000085400000, 0x0000000085400000, 0x0000000085500000|  0%| F|  |TAMS 0x0000000085400000, 0x0000000085400000| Untracked 
|  31|0x0000000085500000, 0x0000000085500000, 0x0000000085600000|  0%| F|  |TAMS 0x0000000085500000, 0x0000000085500000| Untracked 
|  32|0x0000000085600000, 0x0000000085600000, 0x0000000085700000|  0%| F|  |TAMS 0x0000000085600000, 0x0000000085600000| Untracked 
|  33|0x0000000085700000, 0x0000000085700000, 0x0000000085800000|  0%| F|  |TAMS 0x0000000085700000, 0x0000000085700000| Untracked 
|  34|0x0000000085800000, 0x0000000085800000, 0x0000000085900000|  0%| F|  |TAMS 0x0000000085800000, 0x0000000085800000| Untracked 
|  35|0x0000000085900000, 0x0000000085900000, 0x0000000085a00000|  0%| F|  |TAMS 0x0000000085900000, 0x0000000085900000| Untracked 
|  36|0x0000000085a00000, 0x0000000085a00000, 0x0000000085b00000|  0%| F|  |TAMS 0x0000000085a00000, 0x0000000085a00000| Untracked 
|  37|0x0000000085b00000, 0x0000000085b00000, 0x0000000085c00000|  0%| F|  |TAMS 0x0000000085b00000, 0x0000000085b00000| Untracked 
|  38|0x0000000085c00000, 0x0000000085c00000, 0x0000000085d00000|  0%| F|  |TAMS 0x0000000085c00000, 0x0000000085c00000| Untracked 
|  39|0x0000000085d00000, 0x0000000085d00000, 0x0000000085e00000|  0%| F|  |TAMS 0x0000000085d00000, 0x0000000085d00000| Untracked 
|  40|0x0000000085e00000, 0x0000000085e00000, 0x0000000085f00000|  0%| F|  |TAMS 0x0000000085e00000, 0x0000000085e00000| Untracked 
|  41|0x0000000085f00000, 0x0000000085f00000, 0x0000000086000000|  0%| F|  |TAMS 0x0000000085f00000, 0x0000000085f00000| Untracked 
|  42|0x0000000086000000, 0x0000000086000000, 0x0000000086100000|  0%| F|  |TAMS 0x0000000086000000, 0x0000000086000000| Untracked 
|  43|0x0000000086100000, 0x0000000086100000, 0x0000000086200000|  0%| F|  |TAMS 0x0000000086100000, 0x0000000086100000| Untracked 
|  44|0x0000000086200000, 0x0000000086200000, 0x0000000086300000|  0%| F|  |TAMS 0x0000000086200000, 0x0000000086200000| Untracked 
|  45|0x0000000086300000, 0x0000000086300000, 0x0000000086400000|  0%| F|  |TAMS 0x0000000086300000, 0x0000000086300000| Untracked 
|  46|0x0000000086400000, 0x0000000086400000, 0x0000000086500000|  0%| F|  |TAMS 0x0000000086400000, 0x0000000086400000| Untracked 
|  47|0x0000000086500000, 0x0000000086500000, 0x0000000086600000|  0%| F|  |TAMS 0x0000000086500000, 0x0000000086500000| Untracked 
|  48|0x0000000086600000, 0x0000000086600000, 0x0000000086700000|  0%| F|  |TAMS 0x0000000086600000, 0x0000000086600000| Untracked 
|  49|0x0000000086700000, 0x0000000086700000, 0x0000000086800000|  0%| F|  |TAMS 0x0000000086700000, 0x0000000086700000| Untracked 
|  50|0x0000000086800000, 0x0000000086800000, 0x0000000086900000|  0%| F|  |TAMS 0x0000000086800000, 0x0000000086800000| Untracked 
|  51|0x0000000086900000, 0x0000000086900000, 0x0000000086a00000|  0%| F|  |TAMS 0x0000000086900000, 0x0000000086900000| Untracked 
|  52|0x0000000086a00000, 0x0000000086a00000, 0x0000000086b00000|  0%| F|  |TAMS 0x0000000086a00000, 0x0000000086a00000| Untracked 
|  53|0x0000000086b00000, 0x0000000086b00000, 0x0000000086c00000|  0%| F|  |TAMS 0x0000000086b00000, 0x0000000086b00000| Untracked 
|  54|0x0000000086c00000, 0x0000000086c00000, 0x0000000086d00000|  0%| F|  |TAMS 0x0000000086c00000, 0x0000000086c00000| Untracked 
|  55|0x0000000086d00000, 0x0000000086d00000, 0x0000000086e00000|  0%| F|  |TAMS 0x0000000086d00000, 0x0000000086d00000| Untracked 
|  56|0x0000000086e00000, 0x0000000086e00000, 0x0000000086f00000|  0%| F|  |TAMS 0x0000000086e00000, 0x0000000086e00000| Untracked 
|  57|0x0000000086f00000, 0x0000000086f00000, 0x0000000087000000|  0%| F|  |TAMS 0x0000000086f00000, 0x0000000086f00000| Untracked 
|  58|0x0000000087000000, 0x0000000087000000, 0x0000000087100000|  0%| F|  |TAMS 0x0000000087000000, 0x0000000087000000| Untracked 
|  59|0x0000000087100000, 0x0000000087100000, 0x0000000087200000|  0%| F|  |TAMS 0x0000000087100000, 0x0000000087100000| Untracked 
|  60|0x0000000087200000, 0x0000000087200000, 0x0000000087300000|  0%| F|  |TAMS 0x0000000087200000, 0x0000000087200000| Untracked 
|  61|0x0000000087300000, 0x0000000087300000, 0x0000000087400000|  0%| F|  |TAMS 0x0000000087300000, 0x0000000087300000| Untracked 
|  62|0x0000000087400000, 0x0000000087400000, 0x0000000087500000|  0%| F|  |TAMS 0x0000000087400000, 0x0000000087400000| Untracked 
|  63|0x0000000087500000, 0x0000000087500000, 0x0000000087600000|  0%| F|  |TAMS 0x0000000087500000, 0x0000000087500000| Untracked 
|  64|0x0000000087600000, 0x0000000087600000, 0x0000000087700000|  0%| F|  |TAMS 0x0000000087600000, 0x0000000087600000| Untracked 
|  65|0x0000000087700000, 0x0000000087700000, 0x0000000087800000|  0%| F|  |TAMS 0x0000000087700000, 0x0000000087700000| Untracked 
|  66|0x0000000087800000, 0x0000000087800000, 0x0000000087900000|  0%| F|  |TAMS 0x0000000087800000, 0x0000000087800000| Untracked 
|  67|0x0000000087900000, 0x0000000087900000, 0x0000000087a00000|  0%| F|  |TAMS 0x0000000087900000, 0x0000000087900000| Untracked 
|  68|0x0000000087a00000, 0x0000000087a00000, 0x0000000087b00000|  0%| F|  |TAMS 0x0000000087a00000, 0x0000000087a00000| Untracked 
|  69|0x0000000087b00000, 0x0000000087b00000, 0x0000000087c00000|  0%| F|  |TAMS 0x0000000087b00000, 0x0000000087b00000| Untracked 
|  70|0x0000000087c00000, 0x0000000087c00000, 0x0000000087d00000|  0%| F|  |TAMS 0x0000000087c00000, 0x0000000087c00000| Untracked 
|  71|0x0000000087d00000, 0x0000000087d00000, 0x0000000087e00000|  0%| F|  |TAMS 0x0000000087d00000, 0x0000000087d00000| Untracked 
|  72|0x0000000087e00000, 0x0000000087e00000, 0x0000000087f00000|  0%| F|  |TAMS 0x0000000087e00000, 0x0000000087e00000| Untracked 
|  73|0x0000000087f00000, 0x0000000087f00000, 0x0000000088000000|  0%| F|  |TAMS 0x0000000087f00000, 0x0000000087f00000| Untracked 
|  74|0x0000000088000000, 0x0000000088000000, 0x0000000088100000|  0%| F|  |TAMS 0x0000000088000000, 0x0000000088000000| Untracked 
|  75|0x0000000088100000, 0x0000000088100000, 0x0000000088200000|  0%| F|  |TAMS 0x0000000088100000, 0x0000000088100000| Untracked 
|  76|0x0000000088200000, 0x0000000088200000, 0x0000000088300000|  0%| F|  |TAMS 0x0000000088200000, 0x0000000088200000| Untracked 
|  77|0x0000000088300000, 0x0000000088300000, 0x0000000088400000|  0%| F|  |TAMS 0x0000000088300000, 0x0000000088300000| Untracked 
|  78|0x0000000088400000, 0x0000000088400000, 0x0000000088500000|  0%| F|  |TAMS 0x0000000088400000, 0x0000000088400000| Untracked 
|  79|0x0000000088500000, 0x0000000088500000, 0x0000000088600000|  0%| F|  |TAMS 0x0000000088500000, 0x0000000088500000| Untracked 
|  80|0x0000000088600000, 0x0000000088600000, 0x0000000088700000|  0%| F|  |TAMS 0x0000000088600000, 0x0000000088600000| Untracked 
|  81|0x0000000088700000, 0x0000000088700000, 0x0000000088800000|  0%| F|  |TAMS 0x0000000088700000, 0x0000000088700000| Untracked 
|  82|0x0000000088800000, 0x0000000088800000, 0x0000000088900000|  0%| F|  |TAMS 0x0000000088800000, 0x0000000088800000| Untracked 
|  83|0x0000000088900000, 0x0000000088900000, 0x0000000088a00000|  0%| F|  |TAMS 0x0000000088900000, 0x0000000088900000| Untracked 
|  84|0x0000000088a00000, 0x0000000088a00000, 0x0000000088b00000|  0%| F|  |TAMS 0x0000000088a00000, 0x0000000088a00000| Untracked 
|  85|0x0000000088b00000, 0x0000000088b00000, 0x0000000088c00000|  0%| F|  |TAMS 0x0000000088b00000, 0x0000000088b00000| Untracked 
|  86|0x0000000088c00000, 0x0000000088c00000, 0x0000000088d00000|  0%| F|  |TAMS 0x0000000088c00000, 0x0000000088c00000| Untracked 
|  87|0x0000000088d00000, 0x0000000088d00000, 0x0000000088e00000|  0%| F|  |TAMS 0x0000000088d00000, 0x0000000088d00000| Untracked 
|  88|0x0000000088e00000, 0x0000000088e00000, 0x0000000088f00000|  0%| F|  |TAMS 0x0000000088e00000, 0x0000000088e00000| Untracked 
|  89|0x0000000088f00000, 0x0000000088f00000, 0x0000000089000000|  0%| F|  |TAMS 0x0000000088f00000, 0x0000000088f00000| Untracked 
|  90|0x0000000089000000, 0x0000000089000000, 0x0000000089100000|  0%| F|  |TAMS 0x0000000089000000, 0x0000000089000000| Untracked 
|  91|0x0000000089100000, 0x0000000089100000, 0x0000000089200000|  0%| F|  |TAMS 0x0000000089100000, 0x0000000089100000| Untracked 
|  92|0x0000000089200000, 0x0000000089200000, 0x0000000089300000|  0%| F|  |TAMS 0x0000000089200000, 0x0000000089200000| Untracked 
|  93|0x0000000089300000, 0x0000000089300000, 0x0000000089400000|  0%| F|  |TAMS 0x0000000089300000, 0x0000000089300000| Untracked 
|  94|0x0000000089400000, 0x0000000089400000, 0x0000000089500000|  0%| F|  |TAMS 0x0000000089400000, 0x0000000089400000| Untracked 
|  95|0x0000000089500000, 0x0000000089500000, 0x0000000089600000|  0%| F|  |TAMS 0x0000000089500000, 0x0000000089500000| Untracked 
|  96|0x0000000089600000, 0x0000000089600000, 0x0000000089700000|  0%| F|  |TAMS 0x0000000089600000, 0x0000000089600000| Untracked 
|  97|0x0000000089700000, 0x0000000089800000, 0x0000000089800000|100%| S|CS|TAMS 0x0000000089700000, 0x0000000089700000| Complete 
|  98|0x0000000089800000, 0x0000000089900000, 0x0000000089900000|100%| S|CS|TAMS 0x0000000089800000, 0x0000000089800000| Complete 
|  99|0x0000000089900000, 0x0000000089900000, 0x0000000089a00000|  0%| F|  |TAMS 0x0000000089900000, 0x0000000089900000| Untracked 
| 100|0x0000000089a00000, 0x0000000089a00000, 0x0000000089b00000|  0%| F|  |TAMS 0x0000000089a00000, 0x0000000089a00000| Untracked 
| 101|0x0000000089b00000, 0x0000000089b00000, 0x0000000089c00000|  0%| F|  |TAMS 0x0000000089b00000, 0x0000000089b00000| Untracked 
| 102|0x0000000089c00000, 0x0000000089c00000, 0x0000000089d00000|  0%| F|  |TAMS 0x0000000089c00000, 0x0000000089c00000| Untracked 
| 103|0x0000000089d00000, 0x0000000089d00000, 0x0000000089e00000|  0%| F|  |TAMS 0x0000000089d00000, 0x0000000089d00000| Untracked 
| 104|0x0000000089e00000, 0x0000000089e00000, 0x0000000089f00000|  0%| F|  |TAMS 0x0000000089e00000, 0x0000000089e00000| Untracked 
| 105|0x0000000089f00000, 0x0000000089f00000, 0x000000008a000000|  0%| F|  |TAMS 0x0000000089f00000, 0x0000000089f00000| Untracked 
| 106|0x000000008a000000, 0x000000008a000000, 0x000000008a100000|  0%| F|  |TAMS 0x000000008a000000, 0x000000008a000000| Untracked 
| 107|0x000000008a100000, 0x000000008a1b3588, 0x000000008a200000| 70%| E|  |TAMS 0x000000008a100000, 0x000000008a100000| Complete 
| 108|0x000000008a200000, 0x000000008a300000, 0x000000008a300000|100%| E|CS|TAMS 0x000000008a200000, 0x000000008a200000| Complete 
| 109|0x000000008a300000, 0x000000008a400000, 0x000000008a400000|100%| E|CS|TAMS 0x000000008a300000, 0x000000008a300000| Complete 
| 110|0x000000008a400000, 0x000000008a500000, 0x000000008a500000|100%| E|CS|TAMS 0x000000008a400000, 0x000000008a400000| Complete 
| 111|0x000000008a500000, 0x000000008a600000, 0x000000008a600000|100%| E|CS|TAMS 0x000000008a500000, 0x000000008a500000| Complete 
| 112|0x000000008a600000, 0x000000008a700000, 0x000000008a700000|100%| E|CS|TAMS 0x000000008a600000, 0x000000008a600000| Complete 
| 113|0x000000008a700000, 0x000000008a800000, 0x000000008a800000|100%| E|CS|TAMS 0x000000008a700000, 0x000000008a700000| Complete 
| 114|0x000000008a800000, 0x000000008a900000, 0x000000008a900000|100%| E|CS|TAMS 0x000000008a800000, 0x000000008a800000| Complete 
| 115|0x000000008a900000, 0x000000008aa00000, 0x000000008aa00000|100%| E|CS|TAMS 0x000000008a900000, 0x000000008a900000| Complete 
| 116|0x000000008aa00000, 0x000000008ab00000, 0x000000008ab00000|100%| E|CS|TAMS 0x000000008aa00000, 0x000000008aa00000| Complete 
| 117|0x000000008ab00000, 0x000000008ac00000, 0x000000008ac00000|100%| E|CS|TAMS 0x000000008ab00000, 0x000000008ab00000| Complete 
| 118|0x000000008ac00000, 0x000000008ad00000, 0x000000008ad00000|100%| E|CS|TAMS 0x000000008ac00000, 0x000000008ac00000| Complete 
| 119|0x000000008ad00000, 0x000000008ae00000, 0x000000008ae00000|100%| E|CS|TAMS 0x000000008ad00000, 0x000000008ad00000| Complete 
| 120|0x000000008ae00000, 0x000000008af00000, 0x000000008af00000|100%| E|CS|TAMS 0x000000008ae00000, 0x000000008ae00000| Complete 
| 121|0x000000008af00000, 0x000000008b000000, 0x000000008b000000|100%| E|CS|TAMS 0x000000008af00000, 0x000000008af00000| Complete 
| 122|0x000000008b000000, 0x000000008b100000, 0x000000008b100000|100%| E|CS|TAMS 0x000000008b000000, 0x000000008b000000| Complete 
| 123|0x000000008b100000, 0x000000008b200000, 0x000000008b200000|100%| E|CS|TAMS 0x000000008b100000, 0x000000008b100000| Complete 
| 124|0x000000008b200000, 0x000000008b300000, 0x000000008b300000|100%| E|CS|TAMS 0x000000008b200000, 0x000000008b200000| Complete 
| 125|0x000000008b300000, 0x000000008b400000, 0x000000008b400000|100%| E|CS|TAMS 0x000000008b300000, 0x000000008b300000| Complete 

Card table byte_map: [0x0000029826580000,0x0000029826970000] _byte_map_base: 0x0000029826165000

Marking Bits (Prev, Next): (CMBitMap*) 0x000002981b5e2110, (CMBitMap*) 0x000002981b5e2150
 Prev Bits: [0x0000029826d60000, 0x0000029828c88000)
 Next Bits: [0x0000029828c90000, 0x000002982abb8000)

Polling page: 0x00000298194d0000

Metaspace:

Usage:
  Non-class:     13.64 MB used.
      Class:      2.14 MB used.
       Both:     15.78 MB used.

Virtual space:
  Non-class space:       64.00 MB reserved,      13.81 MB ( 22%) committed,  1 nodes.
      Class space:        1.00 GB reserved,       2.31 MB ( <1%) committed,  1 nodes.
             Both:        1.06 GB reserved,      16.12 MB (  1%) committed. 

Chunk freelists:
   Non-Class:  1.48 MB
       Class:  13.73 MB
        Both:  15.22 MB

MaxMetaspaceSize: unlimited
CompressedClassSpaceSize: 1.00 GB
Initial GC threshold: 21.00 MB
Current GC threshold: 21.00 MB
CDS: on
MetaspaceReclaimPolicy: balanced
 - commit_granule_bytes: 65536.
 - commit_granule_words: 8192.
 - virtual_space_node_default_size: 8388608.
 - enlarge_chunks_in_place: 1.
 - new_chunks_are_fully_committed: 0.
 - uncommit_free_chunks: 1.
 - use_allocation_guard: 0.
 - handle_deallocations: 1.


Internal statistics:

num_allocs_failed_limit: 0.
num_arena_births: 444.
num_arena_deaths: 0.
num_vsnodes_births: 2.
num_vsnodes_deaths: 0.
num_space_committed: 258.
num_space_uncommitted: 0.
num_chunks_returned_to_freelist: 0.
num_chunks_taken_from_freelist: 968.
num_chunk_merges: 0.
num_chunk_splits: 624.
num_chunks_enlarged: 416.
num_inconsistent_stats: 0.

CodeCache: size=49152Kb used=6179Kb max_used=6179Kb free=42972Kb
 bounds [0x0000029823080000, 0x0000029823690000, 0x0000029826080000]
 total_blobs=2765 nmethods=2260 adapters=429
 compilation: enabled
              stopped_count=0, restarted_count=0
 full_count=0

Compilation events (20 events):
Event: 2.434 Thread 0x000002982d821eb0 2250       1       ch.qos.logback.core.pattern.Converter::getNext (5 bytes)
Event: 2.434 Thread 0x000002982d821eb0 nmethod 2250 0x0000029823684d10 code [0x0000029823684ea0, 0x0000029823684f78]
Event: 2.451 Thread 0x000002982d8214d0 2251       1       jdk.internal.reflect.ClassFileAssembler::getLength (11 bytes)
Event: 2.451 Thread 0x000002982d8214d0 nmethod 2251 0x0000029823685310 code [0x00000298236854a0, 0x00000298236855b8]
Event: 2.452 Thread 0x000002982d8214d0 2252       1       java.lang.Throwable::<init> (34 bytes)
Event: 2.452 Thread 0x000002982d8214d0 nmethod 2252 0x0000029823685690 code [0x0000029823685840, 0x0000029823685ac8]
Event: 2.453 Thread 0x000002982d8214d0 2253       1       jdk.internal.reflect.ClassFileAssembler::incStack (11 bytes)
Event: 2.453 Thread 0x000002982d8214d0 nmethod 2253 0x0000029823685b90 code [0x0000029823685d20, 0x0000029823685df8]
Event: 2.456 Thread 0x000002982d821eb0 2254       1       java.lang.AbstractStringBuilder::appendChars (130 bytes)
Event: 2.456 Thread 0x000002982d821eb0 nmethod 2254 0x0000029823685e90 code [0x0000029823686060, 0x0000029823686468]
Event: 2.459 Thread 0x000002982d6008c0 2256       1       java.io.ObjectStreamClass::lookup (26 bytes)
Event: 2.459 Thread 0x000002982d6008c0 nmethod 2256 0x0000029823686c90 code [0x0000029823686e40, 0x0000029823686fb8]
Event: 2.460 Thread 0x000002982d6008c0 2257       1       java.io.ObjectStreamField::getField (5 bytes)
Event: 2.460 Thread 0x000002982d8214d0 2258       1       java.io.ObjectStreamField::isPrimitive (23 bytes)
Event: 2.460 Thread 0x000002982d6008c0 nmethod 2257 0x0000029823687090 code [0x0000029823687220, 0x00000298236872f8]
Event: 2.460 Thread 0x000002982d8214d0 nmethod 2258 0x0000029823687390 code [0x0000029823687540, 0x0000029823687708]
Event: 2.463 Thread 0x000002982d6008c0 2259       1       java.util.stream.Collectors$CollectorImpl::characteristics (5 bytes)
Event: 2.463 Thread 0x000002982d6008c0 nmethod 2259 0x0000029823687890 code [0x0000029823687a20, 0x0000029823687af8]
Event: 2.465 Thread 0x000002982d821eb0 2260   !   1       java.io.ObjectInputStream$BlockDataInputStream::readUTFSpan (502 bytes)
Event: 2.466 Thread 0x000002982d821eb0 nmethod 2260 0x0000029823687b90 code [0x0000029823687de0, 0x0000029823688648]

GC Heap History (4 events):
Event: 1.199 GC heap before
{Heap before GC invocations=0 (full 0):
 garbage-first heap   total 129024K, used 22528K [0x0000000083600000, 0x0000000100000000)
  region size 1024K, 23 young (23552K), 0 survivors (0K)
 Metaspace       used 7588K, committed 7808K, reserved 1114112K
  class space    used 969K, committed 1088K, reserved 1048576K
}
Event: 1.218 GC heap after
{Heap after GC invocations=1 (full 0):
 garbage-first heap   total 129024K, used 5355K [0x0000000083600000, 0x0000000100000000)
  region size 1024K, 3 young (3072K), 3 survivors (3072K)
 Metaspace       used 7588K, committed 7808K, reserved 1114112K
  class space    used 969K, committed 1088K, reserved 1048576K
}
Event: 2.197 GC heap before
{Heap before GC invocations=1 (full 0):
 garbage-first heap   total 129024K, used 28907K [0x0000000083600000, 0x0000000100000000)
  region size 1024K, 27 young (27648K), 3 survivors (3072K)
 Metaspace       used 12342K, committed 12736K, reserved 1114112K
  class space    used 1719K, committed 1920K, reserved 1048576K
}
Event: 2.201 GC heap after
{Heap after GC invocations=2 (full 0):
 garbage-first heap   total 129024K, used 7548K [0x0000000083600000, 0x0000000100000000)
  region size 1024K, 2 young (2048K), 2 survivors (2048K)
 Metaspace       used 12342K, committed 12736K, reserved 1114112K
  class space    used 1719K, committed 1920K, reserved 1048576K
}

Dll operation events (10 events):
Event: 0.017 Loaded shared library C:\Users\UsuarioLVD\.jdks\corretto-17.0.9\bin\java.dll
Event: 0.045 Loaded shared library C:\Users\UsuarioLVD\.jdks\corretto-17.0.9\bin\jsvml.dll
Event: 0.184 Loaded shared library C:\Users\UsuarioLVD\.jdks\corretto-17.0.9\bin\zip.dll
Event: 0.190 Loaded shared library C:\Users\UsuarioLVD\.jdks\corretto-17.0.9\bin\instrument.dll
Event: 0.199 Loaded shared library C:\Users\UsuarioLVD\.jdks\corretto-17.0.9\bin\net.dll
Event: 0.203 Loaded shared library C:\Users\UsuarioLVD\.jdks\corretto-17.0.9\bin\nio.dll
Event: 0.206 Loaded shared library C:\Users\UsuarioLVD\.jdks\corretto-17.0.9\bin\zip.dll
Event: 0.259 Loaded shared library C:\Users\UsuarioLVD\.jdks\corretto-17.0.9\bin\jimage.dll
Event: 0.306 Loaded shared library C:\Users\UsuarioLVD\.jdks\corretto-17.0.9\bin\management.dll
Event: 0.327 Loaded shared library C:\Users\UsuarioLVD\.jdks\corretto-17.0.9\bin\management_ext.dll

Deoptimization events (2 events):
Event: 2.386 Thread 0x0000029873581200 DEOPT PACKING pc=0x0000029823674b99 sp=0x0000009a0e9fc5f0
Event: 2.386 Thread 0x0000029873581200 DEOPT UNPACKING pc=0x00000298230dace3 sp=0x0000009a0e9fbad0 mode 3

Classes unloaded (0 events):
No events

Classes redefined (0 events):
No events

Internal exceptions (20 events):
Event: 1.739 Thread 0x0000029873581200 Exception <a 'java/lang/NoSuchMethodError'{0x000000008a69d798}: 'int java.lang.invoke.DirectMethodHandle$Holder.invokeStatic(java.lang.Object, long)'> (0x000000008a69d798) 
thrown [s\src\hotspot\share\interpreter\linkResolver.cpp, line 759]
Event: 1.743 Thread 0x0000029873581200 Exception <a 'java/lang/NoSuchMethodError'{0x000000008a6c1d50}: 'int java.lang.invoke.Invokers$Holder.linkToTargetMethod(java.lang.Object, java.lang.Object)'> (0x000000008a6c1d50) 
thrown [s\src\hotspot\share\interpreter\linkResolver.cpp, line 759]
Event: 1.764 Thread 0x0000029873581200 Exception <a 'java/lang/NoSuchMethodError'{0x000000008a54c218}: 'java.lang.Object java.lang.invoke.DirectMethodHandle$Holder.invokeSpecial(java.lang.Object, java.lang.Object, java.lang.Object, int, java.lang.Object)'> (0x000000008a54c218) 
thrown [s\src\hotspot\share\interpreter\linkResolver.cpp, line 759]
Event: 1.765 Thread 0x0000029873581200 Exception <a 'java/lang/NoSuchMethodError'{0x000000008a554ba0}: 'java.lang.Object java.lang.invoke.DirectMethodHandle$Holder.newInvokeSpecial(java.lang.Object, java.lang.Object, java.lang.Object, int, java.lang.Object)'> (0x000000008a554ba0) 
thrown [s\src\hotspot\share\interpreter\linkResolver.cpp, line 759]
Event: 1.766 Thread 0x0000029873581200 Exception <a 'java/lang/NoSuchMethodError'{0x000000008a55c570}: 'java.lang.Object java.lang.invoke.Invokers$Holder.linkToTargetMethod(java.lang.Object, java.lang.Object, int, java.lang.Object, java.lang.Object)'> (0x000000008a55c570) 
thrown [s\src\hotspot\share\interpreter\linkResolver.cpp, line 759]
Event: 1.768 Thread 0x0000029873581200 Exception <a 'java/lang/NoSuchMethodError'{0x000000008a56cd68}: 'java.lang.Object java.lang.invoke.DirectMethodHandle$Holder.newInvokeSpecial(java.lang.Object, int, java.lang.Object)'> (0x000000008a56cd68) 
thrown [s\src\hotspot\share\interpreter\linkResolver.cpp, line 759]
Event: 1.769 Thread 0x0000029873581200 Exception <a 'java/lang/NoSuchMethodError'{0x000000008a570b28}: 'int java.lang.invoke.DirectMethodHandle$Holder.invokeSpecialIFC(java.lang.Object, java.lang.Object, java.lang.Object, java.lang.Object)'> (0x000000008a570b28) 
thrown [s\src\hotspot\share\interpreter\linkResolver.cpp, line 759]
Event: 1.800 Thread 0x0000029873581200 Exception <a 'java/lang/NoSuchMethodError'{0x000000008a427e48}: 'void java.lang.invoke.DirectMethodHandle$Holder.invokeInterface(java.lang.Object, java.lang.Object, java.lang.Object)'> (0x000000008a427e48) 
thrown [s\src\hotspot\share\interpreter\linkResolver.cpp, line 759]
Event: 1.893 Thread 0x0000029873581200 Exception <a 'java/lang/NoSuchMethodError'{0x000000008a4d19d8}: 'java.lang.Object java.lang.invoke.DirectMethodHandle$Holder.invokeVirtual(java.lang.Object, java.lang.Object, java.lang.Object)'> (0x000000008a4d19d8) 
thrown [s\src\hotspot\share\interpreter\linkResolver.cpp, line 759]
Event: 1.953 Thread 0x0000029873581200 Exception <a 'java/lang/NoSuchMethodError'{0x000000008a3dd188}: 'void java.lang.invoke.DirectMethodHandle$Holder.invokeStatic(java.lang.Object, java.lang.Object, int)'> (0x000000008a3dd188) 
thrown [s\src\hotspot\share\interpreter\linkResolver.cpp, line 759]
Event: 1.959 Thread 0x0000029873581200 Exception <a 'java/lang/NoSuchMethodError'{0x000000008a3eff60}: 'void java.lang.invoke.DirectMethodHandle$Holder.invokeStaticInit(java.lang.Object, java.lang.Object, java.lang.Object)'> (0x000000008a3eff60) 
thrown [s\src\hotspot\share\interpreter\linkResolver.cpp, line 759]
Event: 1.995 Thread 0x0000029873581200 Exception <a 'java/lang/NoSuchMethodError'{0x000000008a29bda8}: 'java.lang.Object java.lang.invoke.DirectMethodHandle$Holder.newInvokeSpecial(java.lang.Object, long)'> (0x000000008a29bda8) 
thrown [s\src\hotspot\share\interpreter\linkResolver.cpp, line 759]
Event: 1.997 Thread 0x0000029873581200 Exception <a 'java/lang/NoSuchMethodError'{0x000000008a2a33b0}: 'void java.lang.invoke.DirectMethodHandle$Holder.invokeVirtual(java.lang.Object, java.lang.Object, java.lang.Object, java.lang.Object)'> (0x000000008a2a33b0) 
thrown [s\src\hotspot\share\interpreter\linkResolver.cpp, line 759]
Event: 2.025 Thread 0x0000029873581200 Exception <a 'java/lang/NoSuchMethodError'{0x000000008a1575d8}: 'java.lang.Object java.lang.invoke.DirectMethodHandle$Holder.invokeSpecial(java.lang.Object, java.lang.Object, long, java.lang.Object, java.lang.Object, java.lang.Object, java.lang.Object, java.lang.Object, java.lang.Object)'> (0x000000008a1575d8) 
thrown [s\src\hotspot\share\interpreter\linkResolver.cpp, line 759]
Event: 2.025 Thread 0x0000029873581200 Exception <a 'java/lang/NoSuchMethodError'{0x000000008a15be58}: 'java.lang.Object java.lang.invoke.DelegatingMethodHandle$Holder.reinvoke_L(java.lang.Object, long, java.lang.Object, java.lang.Object, java.lang.Object, java.lang.Object, java.lang.Object, java.lang.Object)'> (0x000000008a15be58) 
thrown [s\src\hotspot\share\interpreter\linkResolver.cpp, line 759]
Event: 2.139 Thread 0x0000029873581200 Exception <a 'java/lang/NoSuchMethodError'{0x0000000089f75eb0}: 'java.lang.Object java.lang.invoke.DirectMethodHandle$Holder.invokeSpecial(java.lang.Object, java.lang.Object, java.lang.Object, java.lang.Object, java.lang.Object, java.lang.Object, java.lang.Object, java.lang.Object, java.lang.Object)'> (0x0000000089f75eb0) 
thrown [s\src\hotspot\share\interpreter\linkResolver.cpp, line 759]
Event: 2.139 Thread 0x000002987357e980 Exception <a 'java/lang/NoClassDefFoundError'{0x0000000089f6bd20}: jakarta/validation/Validation> (0x0000000089f6bd20) 
thrown [s\src\hotspot\share\classfile\systemDictionary.cpp, line 245]
Event: 2.139 Thread 0x0000029873581200 Exception <a 'java/lang/NoSuchMethodError'{0x0000000089f7a7d8}: 'java.lang.Object java.lang.invoke.Invokers$Holder.invoke_MT(java.lang.Object, java.lang.Object, java.lang.Object, java.lang.Object, java.lang.Object, java.lang.Object, java.lang.Object, java.lang.Object, java.lang.Object)'> (0x0000000089f7a7d8) 
thrown [s\src\hotspot\share\interpreter\linkResolver.cpp, line 759]
Event: 2.163 Thread 0x0000029873581200 Exception <a 'java/lang/IncompatibleClassChangeError'{0x0000000089ec0a70}: Found class java.lang.Object, but interface was expected> (0x0000000089ec0a70) 
thrown [s\src\hotspot\share\interpreter\linkResolver.cpp, line 826]
Event: 2.222 Thread 0x0000029873558f20 Exception <a 'java/lang/reflect/InvocationTargetException'{0x000000008b2f8000}> (0x000000008b2f8000) 
thrown [s\src\hotspot\share\runtime\reflection.cpp, line 1121]

VM Operations (20 events):
Event: 0.541 Executing VM operation: HandshakeAllThreads
Event: 0.541 Executing VM operation: HandshakeAllThreads done
Event: 0.667 Executing VM operation: HandshakeAllThreads
Event: 0.667 Executing VM operation: HandshakeAllThreads done
Event: 0.774 Executing VM operation: HandshakeAllThreads
Event: 0.774 Executing VM operation: HandshakeAllThreads done
Event: 0.775 Executing VM operation: HandshakeAllThreads
Event: 0.775 Executing VM operation: HandshakeAllThreads done
Event: 1.199 Executing VM operation: G1CollectForAllocation
Event: 1.218 Executing VM operation: G1CollectForAllocation done
Event: 1.346 Executing VM operation: HandshakeAllThreads
Event: 1.346 Executing VM operation: HandshakeAllThreads done
Event: 2.119 Executing VM operation: HandshakeAllThreads
Event: 2.119 Executing VM operation: HandshakeAllThreads done
Event: 2.123 Executing VM operation: HandshakeAllThreads
Event: 2.123 Executing VM operation: HandshakeAllThreads done
Event: 2.133 Executing VM operation: ICBufferFull
Event: 2.133 Executing VM operation: ICBufferFull done
Event: 2.197 Executing VM operation: G1CollectForAllocation
Event: 2.201 Executing VM operation: G1CollectForAllocation done

Events (20 events):
Event: 2.333 loading class org/xml/sax/SAXException done
Event: 2.333 loading class org/xml/sax/SAXParseException done
Event: 2.333 loading class javax/xml/parsers/ParserConfigurationException
Event: 2.334 loading class javax/xml/parsers/ParserConfigurationException done
Event: 2.334 loading class org/xml/sax/EntityResolver
Event: 2.334 loading class org/xml/sax/EntityResolver done
Event: 2.335 loading class java/io/StringReader
Event: 2.335 loading class java/io/StringReader done
Event: 2.335 loading class java/io/CharArrayReader
Event: 2.335 loading class java/io/CharArrayReader done
Event: 2.342 loading class java/io/CharConversionException
Event: 2.342 loading class java/io/CharConversionException done
Event: 2.370 loading class java/lang/annotation/Repeatable
Event: 2.370 loading class java/lang/annotation/Repeatable done
Event: 2.428 loading class jdk/internal/reflect/UnsafeObjectFieldAccessorImpl
Event: 2.428 loading class jdk/internal/reflect/UnsafeObjectFieldAccessorImpl done
Event: 2.457 loading class javax/management/openmbean/CompositeDataSupport
Event: 2.457 loading class javax/management/openmbean/CompositeDataSupport done
Event: 2.458 loading class javax/management/openmbean/OpenDataException
Event: 2.458 loading class javax/management/openmbean/OpenDataException done


Dynamic libraries:
0x00007ff64e0f0000 - 0x00007ff64e0fe000 	C:\Users\UsuarioLVD\.jdks\corretto-17.0.9\bin\java.exe
0x00007fff610b0000 - 0x00007fff612c7000 	C:\WINDOWS\SYSTEM32\ntdll.dll
0x00007fff60a80000 - 0x00007fff60b44000 	C:\WINDOWS\System32\KERNEL32.DLL
0x00007fff5e710000 - 0x00007fff5eae2000 	C:\WINDOWS\System32\KERNELBASE.dll
0x00007fff5ec20000 - 0x00007fff5ed31000 	C:\WINDOWS\System32\ucrtbase.dll
0x00007fff47a70000 - 0x00007fff47a8b000 	C:\Users\UsuarioLVD\.jdks\corretto-17.0.9\bin\VCRUNTIME140.dll
0x00007fff47a50000 - 0x00007fff47a67000 	C:\Users\UsuarioLVD\.jdks\corretto-17.0.9\bin\jli.dll
0x00007fff5fdf0000 - 0x00007fff5ffa1000 	C:\WINDOWS\System32\USER32.dll
0x00007fff5e480000 - 0x00007fff5e4a6000 	C:\WINDOWS\System32\win32u.dll
0x00007fff60f30000 - 0x00007fff60f59000 	C:\WINDOWS\System32\GDI32.dll
0x00007fff5eaf0000 - 0x00007fff5ec13000 	C:\WINDOWS\System32\gdi32full.dll
0x00007fff42700000 - 0x00007fff4299b000 	C:\WINDOWS\WinSxS\amd64_microsoft.windows.common-controls_6595b64144ccf1df_6.0.22621.5415_none_270d77d17387d7da\COMCTL32.dll
0x00007fff5e530000 - 0x00007fff5e5ca000 	C:\WINDOWS\System32\msvcp_win.dll
0x00007fff5f810000 - 0x00007fff5f8b7000 	C:\WINDOWS\System32\msvcrt.dll
0x00007fff5f5f0000 - 0x00007fff5f621000 	C:\WINDOWS\System32\IMM32.DLL
0x00007fff4a000000 - 0x00007fff4a00c000 	C:\Users\UsuarioLVD\.jdks\corretto-17.0.9\bin\vcruntime140_1.dll
0x00007fff479c0000 - 0x00007fff47a4d000 	C:\Users\UsuarioLVD\.jdks\corretto-17.0.9\bin\msvcp140.dll
0x00007fff0ecb0000 - 0x00007fff0f911000 	C:\Users\UsuarioLVD\.jdks\corretto-17.0.9\bin\server\jvm.dll
0x00007fff5f750000 - 0x00007fff5f801000 	C:\WINDOWS\System32\ADVAPI32.dll
0x00007fff608f0000 - 0x00007fff60998000 	C:\WINDOWS\System32\sechost.dll
0x00007fff5e220000 - 0x00007fff5e248000 	C:\WINDOWS\System32\bcrypt.dll
0x00007fff5f4d0000 - 0x00007fff5f5e4000 	C:\WINDOWS\System32\RPCRT4.dll
0x00007fff5e070000 - 0x00007fff5e0bd000 	C:\WINDOWS\SYSTEM32\POWRPROF.dll
0x00007fff3df30000 - 0x00007fff3df39000 	C:\WINDOWS\SYSTEM32\WSOCK32.dll
0x00007fff58050000 - 0x00007fff58084000 	C:\WINDOWS\SYSTEM32\WINMM.dll
0x00007fff60eb0000 - 0x00007fff60f21000 	C:\WINDOWS\System32\WS2_32.dll
0x00007fff5bdb0000 - 0x00007fff5bdba000 	C:\WINDOWS\SYSTEM32\VERSION.dll
0x00007fff5e050000 - 0x00007fff5e063000 	C:\WINDOWS\SYSTEM32\UMPDC.dll
0x00007fff5d190000 - 0x00007fff5d1a8000 	C:\WINDOWS\SYSTEM32\kernel.appcore.dll
0x00007fff49f40000 - 0x00007fff49f4a000 	C:\Users\UsuarioLVD\.jdks\corretto-17.0.9\bin\jimage.dll
0x00007fff429a0000 - 0x00007fff42bd3000 	C:\WINDOWS\SYSTEM32\DBGHELP.DLL
0x00007fff5f8c0000 - 0x00007fff5fc53000 	C:\WINDOWS\System32\combase.dll
0x00007fff5edd0000 - 0x00007fff5eea7000 	C:\WINDOWS\System32\OLEAUT32.dll
0x00007fff426b0000 - 0x00007fff426e2000 	C:\WINDOWS\SYSTEM32\dbgcore.DLL
0x00007fff5e4b0000 - 0x00007fff5e52b000 	C:\WINDOWS\System32\bcryptPrimitives.dll
0x00007fff575f0000 - 0x00007fff575fe000 	C:\Users\UsuarioLVD\.jdks\corretto-17.0.9\bin\instrument.dll
0x00007fff47990000 - 0x00007fff479b5000 	C:\Users\UsuarioLVD\.jdks\corretto-17.0.9\bin\java.dll
0x00007fff478b0000 - 0x00007fff47987000 	C:\Users\UsuarioLVD\.jdks\corretto-17.0.9\bin\jsvml.dll
0x00007fff60040000 - 0x00007fff608e2000 	C:\WINDOWS\System32\SHELL32.dll
0x00007fff5e5d0000 - 0x00007fff5e70f000 	C:\WINDOWS\System32\wintypes.dll
0x00007fff5c080000 - 0x00007fff5c99e000 	C:\WINDOWS\SYSTEM32\windows.storage.dll
0x00007fff5f630000 - 0x00007fff5f73b000 	C:\WINDOWS\System32\SHCORE.dll
0x00007fff5ffd0000 - 0x00007fff60039000 	C:\WINDOWS\System32\shlwapi.dll
0x00007fff5e0d0000 - 0x00007fff5e0fb000 	C:\WINDOWS\SYSTEM32\profapi.dll
0x00007fff476a0000 - 0x00007fff476b8000 	C:\Users\UsuarioLVD\.jdks\corretto-17.0.9\bin\zip.dll
0x00007fff47890000 - 0x00007fff478a9000 	C:\Users\UsuarioLVD\.jdks\corretto-17.0.9\bin\net.dll
0x00007fff58a20000 - 0x00007fff58b4c000 	C:\WINDOWS\SYSTEM32\WINHTTP.dll
0x00007fff5d600000 - 0x00007fff5d669000 	C:\WINDOWS\system32\mswsock.dll
0x00007fff476c0000 - 0x00007fff476d6000 	C:\Users\UsuarioLVD\.jdks\corretto-17.0.9\bin\nio.dll
0x00007fff5cc70000 - 0x00007fff5cd68000 	C:\WINDOWS\SYSTEM32\DNSAPI.dll
0x00007fff5cc40000 - 0x00007fff5cc6d000 	C:\WINDOWS\SYSTEM32\IPHLPAPI.DLL
0x00007fff5ffc0000 - 0x00007fff5ffc9000 	C:\WINDOWS\System32\NSI.dll
0x00007fff54ca0000 - 0x00007fff54caa000 	C:\Windows\System32\rasadhlp.dll
0x00007fff55b90000 - 0x00007fff55c14000 	C:\WINDOWS\System32\fwpuclnt.dll
0x00007fff47670000 - 0x00007fff47679000 	C:\Users\UsuarioLVD\.jdks\corretto-17.0.9\bin\management.dll
0x00007fff47500000 - 0x00007fff4750b000 	C:\Users\UsuarioLVD\.jdks\corretto-17.0.9\bin\management_ext.dll
0x00007fff60b50000 - 0x00007fff60b58000 	C:\WINDOWS\System32\PSAPI.DLL
0x00007fff5d810000 - 0x00007fff5d82b000 	C:\WINDOWS\SYSTEM32\CRYPTSP.dll
0x00007fff5d0f0000 - 0x00007fff5d127000 	C:\WINDOWS\system32\rsaenh.dll
0x00007fff5d6b0000 - 0x00007fff5d6d8000 	C:\WINDOWS\SYSTEM32\USERENV.dll
0x00007fff5d830000 - 0x00007fff5d83c000 	C:\WINDOWS\SYSTEM32\CRYPTBASE.dll
0x00007fff58680000 - 0x00007fff58699000 	C:\WINDOWS\SYSTEM32\dhcpcsvc6.DLL
0x00007fff581d0000 - 0x00007fff581ef000 	C:\WINDOWS\SYSTEM32\dhcpcsvc.DLL
0x00007fff3bae0000 - 0x00007fff3baf7000 	C:\WINDOWS\system32\napinsp.dll
0x00007fff3bac0000 - 0x00007fff3badb000 	C:\WINDOWS\system32\pnrpnsp.dll
0x00007fff3baa0000 - 0x00007fff3bab1000 	C:\WINDOWS\System32\winrnr.dll
0x00007fff562f0000 - 0x00007fff5630f000 	C:\WINDOWS\system32\wshbth.dll
0x00007fff3ba70000 - 0x00007fff3ba91000 	C:\WINDOWS\system32\nlansp_c.dll

dbghelp: loaded successfully - version: 4.0.5 - missing functions: none
symbol engine: initialized successfully - sym options: 0x614 - pdb path: .;C:\Users\UsuarioLVD\.jdks\corretto-17.0.9\bin;C:\WINDOWS\SYSTEM32;C:\WINDOWS\WinSxS\amd64_microsoft.windows.common-controls_6595b64144ccf1df_6.0.22621.5415_none_270d77d17387d7da;C:\Users\UsuarioLVD\.jdks\corretto-17.0.9\bin\server

VM Arguments:
jvm_args: -XX:TieredStopAtLevel=1 -Dspring.output.ansi.enabled=always -Dcom.sun.management.jmxremote -Dspring.jmx.enabled=true -Dspring.liveBeansView.mbeanDomain -Dspring.application.admin.enabled=true -Dmanagement.endpoints.jmx.exposure.include=* -javaagent:C:\Program Files (x86)\JetBrains\IntelliJ IDEA 2025.1\lib\idea_rt.jar=56239 -Dfile.encoding=UTF-8 
java_command: ec.edu.monster.RestJavaViajecitosCliwebApplication
java_class_path (initial): C:\SOA\SERVER_REST_JAVA\REST_JAVA_VIAJECITOS_CLIWEB\target\classes;C:\Users\UsuarioLVD\.m2\repository\org\springframework\boot\spring-boot-starter-thymeleaf\3.5.3\spring-boot-starter-thymeleaf-3.5.3.jar;C:\Users\UsuarioLVD\.m2\repository\org\springframework\boot\spring-boot-starter\3.5.3\spring-boot-starter-3.5.3.jar;C:\Users\UsuarioLVD\.m2\repository\org\springframework\boot\spring-boot-starter-logging\3.5.3\spring-boot-starter-logging-3.5.3.jar;C:\Users\UsuarioLVD\.m2\repository\ch\qos\logback\logback-classic\1.5.18\logback-classic-1.5.18.jar;C:\Users\UsuarioLVD\.m2\repository\ch\qos\logback\logback-core\1.5.18\logback-core-1.5.18.jar;C:\Users\UsuarioLVD\.m2\repository\org\apache\logging\log4j\log4j-to-slf4j\2.24.3\log4j-to-slf4j-2.24.3.jar;C:\Users\UsuarioLVD\.m2\repository\org\apache\logging\log4j\log4j-api\2.24.3\log4j-api-2.24.3.jar;C:\Users\UsuarioLVD\.m2\repository\org\slf4j\jul-to-slf4j\2.0.17\jul-to-slf4j-2.0.17.jar;C:\Users\UsuarioLVD\.m2\repository\jakarta\annotation\jakarta.annotation-api\2.1.1\jakarta.annotation-api-2.1.1.jar;C:\Users\UsuarioLVD\.m2\repository\org\yaml\snakeyaml\2.4\snakeyaml-2.4.jar;C:\Users\UsuarioLVD\.m2\repository\org\thymeleaf\thymeleaf-spring6\3.1.3.RELEASE\thymeleaf-spring6-3.1.3.RELEASE.jar;C:\Users\UsuarioLVD\.m2\repository\org\thymeleaf\thymeleaf\3.1.3.RELEASE\thymeleaf-3.1.3.RELEASE.jar;C:\Users\UsuarioLVD\.m2\repository\org\attoparser\attoparser\2.0.7.RELEASE\attoparser-2.0.7.RELEASE.jar;C:\Users\UsuarioLVD\.m2\repository\org\unbescape\unbescape\1.1.6.RELEASE\unbescape-1.1.6.RELEASE.jar;C:\Users\UsuarioLVD\.m2\repository\org\slf4j\slf4j-api\2.0.17\slf4j-api-2.0.17.jar;C:\Users\UsuarioLVD\.m2\repository\org\springframework\boot\spring-boot-starter-web\3.5.3\spring-boot-starter-web-3.5.3.jar;C:\Users\UsuarioLVD\.m2\repository\org\springframework\boot\spring-boot-starter-json\3.5.3\spring-boot-starter-json-3.5.3.jar;C:\Users\UsuarioLVD\.m2\repository\com\fasterxml\jackson\core\jackson-databind\2.19
Launcher Type: SUN_STANDARD

[Global flags]
     intx CICompilerCount                          = 4                                         {product} {ergonomic}
     uint ConcGCThreads                            = 2                                         {product} {ergonomic}
     uint G1ConcRefinementThreads                  = 8                                         {product} {ergonomic}
   size_t G1HeapRegionSize                         = 1048576                                   {product} {ergonomic}
    uintx GCDrainStackTargetSize                   = 64                                        {product} {ergonomic}
   size_t InitialHeapSize                          = 132120576                                 {product} {ergonomic}
     bool ManagementServer                         = true                                      {product} {command line}
   size_t MarkStackSize                            = 4194304                                   {product} {ergonomic}
   size_t MaxHeapSize                              = 2090860544                                {product} {ergonomic}
   size_t MaxNewSize                               = 1254096896                                {product} {ergonomic}
   size_t MinHeapDeltaBytes                        = 1048576                                   {product} {ergonomic}
   size_t MinHeapSize                              = 8388608                                   {product} {ergonomic}
    uintx NonProfiledCodeHeapSize                  = 0                                      {pd product} {ergonomic}
     bool ProfileInterpreter                       = false                                  {pd product} {command line}
    uintx ProfiledCodeHeapSize                     = 0                                      {pd product} {ergonomic}
   size_t SoftMaxHeapSize                          = 2090860544                             {manageable} {ergonomic}
     intx TieredStopAtLevel                        = 1                                         {product} {command line}
     bool UseCompressedClassPointers               = true                           {product lp64_product} {ergonomic}
     bool UseCompressedOops                        = true                           {product lp64_product} {ergonomic}
     bool UseG1GC                                  = true                                      {product} {ergonomic}
     bool UseLargePagesIndividualAllocation        = false                                  {pd product} {ergonomic}

Logging:
Log output configuration:
 #0: stdout all=warning uptime,level,tags
 #1: stderr all=off uptime,level,tags

Environment Variables:
JAVA_HOME=C:\Program Files\BellSoft\LibericaJDK-23\
PATH=C:\Program Files\BellSoft\LibericaJDK-23\bin\;C:\Program Files\Common Files\Oracle\Java\javapath;C:\Users\UsuarioLVD\product\11.2.0\dbhome_1\bin;C:\app\UsuarioLVD\product\11.2.0\dbhome_2\bin;C:\app\UsuarioLVD\product\11.2.0\dbhome_1\bin;C:\WINDOWS\system32;C:\WINDOWS;C:\WINDOWS\System32\Wbem;C:\WINDOWS\System32\WindowsPowerShell\v1.0\;C:\WINDOWS\System32\OpenSSH\;C:\Program Files (x86)\Microchip\MPLAB C32 Suite\bin;C:\Program Files\MySQL\MySQL Server 8.0\bin;C:\Program Files\Java\jdk-11\bin;C:\src\flutter\bin;C:\maven\bin;C:\gradle\bin;C:\Users\UsuarioLVD\AppData\Roaming\nvm;C:\Program Files\nodejs;C:\Program Files\Microsoft SQL Server\Client SDK\ODBC\170\Tools\Binn\;C:\Program Files\dotnet\;C:\Program Files\Git\cmd;C:\Program Files (x86)\Microsoft SQL Server\140\DTS\Binn\;C:\Program Files\Microsoft SQL Server\140\DTS\Binn\;C:\Program Files\Microsoft SQL Server\Client SDK\ODBC\130\Tools\Binn\;C:\Program Files (x86)\Microsoft SQL Server\140\Tools\Binn\;C:\Program Files\Microsoft SQL Server\140\Tools\Binn\;C:\Program Files\Microsoft SQL Server\130\Tools\Binn\;C:\Program Files (x86)\Microsoft SQL Server\110\DTS\Binn\;C:\Program Files (x86)\Microsoft SQL Server\120\DTS\Binn\;C:\Program Files (x86)\Microsoft SQL Server\130\DTS\Binn\;C:\Program Files (x86)\Microsoft SQL Server\150\DTS\Binn\;C:\Program Files (x86)\Microsoft SQL Server\160\DTS\Binn\;C:\Program Files\Microsoft SQL Server\150\Tools\Binn\;C:\src\flutter\bin;C:\Users\UsuarioLVD\AppData\Local\Programs\Microsoft VS Code\bin;C:\Program Files\MySQL\MySQL Server 8.0\bin;C:\Program Files\PostgreSQL\15\bin;C:\src\flutter\bin;C:\Program Files\Java\jdk-21\bin;C:\Users\UsuarioLVD\AppData\Roaming\nvm;C:\Program Files\nodejs;C:\Users\UsuarioLVD\.dotnet\tools;
USERNAME=UsuarioLVD
OS=Windows_NT
PROCESSOR_IDENTIFIER=Intel64 Family 6 Model 126 Stepping 5, GenuineIntel
TMP=C:\Users\USUARI~1\AppData\Local\Temp
TEMP=C:\Users\USUARI~1\AppData\Local\Temp



Periodic native trim disabled


---------------  S Y S T E M  ---------------

OS:
 Windows 11 , 64 bit Build 22621 (10.0.22621.5415)
OS uptime: 0 days 8:05 hours
Hyper-V role detected

CPU: total 8 (initial active 8) (4 cores per cpu, 2 threads per core) family 6 model 126 stepping 5 microcode 0x86, cx8, cmov, fxsr, ht, mmx, 3dnowpref, sse, sse2, sse3, ssse3, sse4.1, sse4.2, popcnt, lzcnt, tsc, tscinvbit, avx, avx2, aes, erms, clmul, bmi1, bmi2, adx, avx512f, avx512dq, avx512cd, avx512bw, avx512vl, sha, fma, vzeroupper, avx512_vpopcntdq, avx512_vpclmulqdq, avx512_vaes, avx512_vnni, clflush, clflushopt, avx512_vbmi2, avx512_vbmi, hv
Processor Information for all 8 processors :
  Max Mhz: 1190, Current Mhz: 991, Mhz Limit: 987

Memory: 4k page, system-wide physical 7969M (640M free)
TotalPageFile size 16820M (AvailPageFile size 1M)
current process WorkingSet (physical memory assigned to process): 103M, peak: 103M
current process commit charge ("private bytes"): 237M, peak: 238M

vm_info: OpenJDK 64-Bit Server VM (17.0.9+8-LTS) for windows-amd64 JRE (17.0.9+8-LTS), built on Oct 12 2023 16:15:33 by "Administrator" with MS VC++ 16.10 / 16.11 (VS2019)

END.
